#
# There is insufficient memory for the Java Runtime Environment to continue.
# Native memory allocation (malloc) failed to allocate 1691056 bytes for Chunk::new
# Possible reasons:
#   The system is out of physical RAM or swap space
#   In 32 bit mode, the process size limit was hit
# Possible solutions:
#   Reduce memory load on the system
#   Increase physical memory or swap space
#   Check if swap backing store is full
#   Use 64 bit Java on a 64 bit OS
#   Decrease Java heap size (-Xmx/-Xms)
#   Decrease number of Java threads
#   Decrease Java thread stack sizes (-Xss)
#   Set larger code cache with -XX:ReservedCodeCacheSize=
# This output file may be truncated or incomplete.
#
#  Out of Memory Error (allocation.cpp:390), pid=18712, tid=17712
#
# JRE version: Java(TM) SE Runtime Environment (8.0_45-b15) (build 1.8.0_45-b15)
# Java VM: Java HotSpot(TM) 64-Bit Server VM (25.45-b02 mixed mode windows-amd64 compressed oops)
# Failed to write core dump. Minidumps are not enabled by default on client versions of Windows
#

---------------  T H R E A D  ---------------

Current thread (0x0000000018e72800):  JavaThread "C2 CompilerThread1" daemon [_thread_in_native, id=17712, stack(0x0000000019450000,0x0000000019550000)]

Stack: [0x0000000019450000,0x0000000019550000]
Native frames: (J=compiled Java code, j=interpreted, Vv=VM code, C=native code)
V  [jvm.dll+0x32b57a]
V  [jvm.dll+0x279873]
V  [jvm.dll+0x27a509]
V  [jvm.dll+0x271825]
V  [jvm.dll+0xcb9e2]
V  [jvm.dll+0xcbeac]
V  [jvm.dll+0x476ef2]
V  [jvm.dll+0x4b955f]
V  [jvm.dll+0x46b6b5]
V  [jvm.dll+0x46ccbe]
V  [jvm.dll+0x4500f2]
V  [jvm.dll+0xa4352]
V  [jvm.dll+0xa4c8f]
V  [jvm.dll+0x241984]
V  [jvm.dll+0x29853a]
C  [msvcr100.dll+0x21d9f]
C  [msvcr100.dll+0x21e3b]
C  [KERNEL32.DLL+0x14034]
C  [ntdll.dll+0x73691]


Current CompileTask:
C2:   5579  900       4       org.jacoco.agent.rt.internal_6da5971.asm.ClassReader::readCode (3351 bytes)


---------------  P R O C E S S  ---------------

Java Threads: ( => current thread )
  0x0000000018f4a800 JavaThread "Service Thread" daemon [_thread_blocked, id=12608, stack(0x0000000019650000,0x0000000019750000)]
  0x0000000018f7e800 JavaThread "C1 CompilerThread2" daemon [_thread_blocked, id=11980, stack(0x0000000019550000,0x0000000019650000)]
=>0x0000000018e72800 JavaThread "C2 CompilerThread1" daemon [_thread_in_native, id=17712, stack(0x0000000019450000,0x0000000019550000)]
  0x0000000018ea6000 JavaThread "C2 CompilerThread0" daemon [_thread_blocked, id=17164, stack(0x0000000019350000,0x0000000019450000)]
  0x000000001768e800 JavaThread "Attach Listener" daemon [_thread_blocked, id=13432, stack(0x0000000018b10000,0x0000000018c10000)]
  0x000000001768d800 JavaThread "Signal Dispatcher" daemon [_thread_blocked, id=7268, stack(0x0000000018a10000,0x0000000018b10000)]
  0x0000000002b09000 JavaThread "Finalizer" daemon [_thread_blocked, id=18924, stack(0x0000000018910000,0x0000000018a10000)]
  0x0000000017659000 JavaThread "Reference Handler" daemon [_thread_blocked, id=8440, stack(0x0000000018810000,0x0000000018910000)]
  0x0000000002a12800 JavaThread "main" [_thread_in_native, id=4764, stack(0x00000000027b0000,0x00000000028b0000)]

Other Threads:
  0x0000000017657800 VMThread [stack: 0x0000000018710000,0x0000000018810000] [id=14656]
  0x0000000018e79800 WatcherThread [stack: 0x0000000019750000,0x0000000019850000] [id=1444]

VM state:not at safepoint (normal execution)

VM Mutex/Monitor currently owned by a thread: None

Heap:
 PSYoungGen      total 38400K, used 13993K [0x00000000d5b80000, 0x00000000da680000, 0x0000000100000000)
  eden space 33280K, 34% used [0x00000000d5b80000,0x00000000d66b4840,0x00000000d7c00000)
  from space 5120K, 49% used [0x00000000d7c00000,0x00000000d7e75c08,0x00000000d8100000)
  to   space 5120K, 0% used [0x00000000da180000,0x00000000da180000,0x00000000da680000)
 ParOldGen       total 87552K, used 8K [0x0000000081200000, 0x0000000086780000, 0x00000000d5b80000)
  object space 87552K, 0% used [0x0000000081200000,0x0000000081202000,0x0000000086780000)
 Metaspace       used 7856K, capacity 7994K, committed 8064K, reserved 1056768K
  class space    used 813K, capacity 852K, committed 896K, reserved 1048576K

Card table byte_map: [0x0000000011ed0000,0x00000000122d0000] byte_map_base: 0x0000000011ac7000

Marking Bits: (ParMarkBitMap*) 0x0000000056d64040
 Begin Bits: [0x0000000012980000, 0x0000000014938000)
 End Bits:   [0x0000000014938000, 0x00000000168f0000)

Polling page: 0x00000000025f0000

CodeCache: size=245760Kb used=4113Kb max_used=4128Kb free=241646Kb
 bounds [0x0000000002b10000, 0x0000000002f20000, 0x0000000011b10000]
 total_blobs=1214 nmethods=898 adapters=229
 compilation: enabled

Compilation events (10 events):
Event: 4.088 Thread 0x0000000018f7e800 nmethod 895 0x0000000002efc5d0 code [0x0000000002efc760, 0x0000000002efcc08]
Event: 4.104 Thread 0x0000000018f7e800  896       3       java.util.Formatter$Flags::contains (22 bytes)
Event: 4.105 Thread 0x0000000018f7e800 nmethod 896 0x0000000002efc190 code [0x0000000002efc300, 0x0000000002efc510]
Event: 4.120 Thread 0x0000000018f7e800  897       3       java.nio.charset.Charset::atBugLevel (44 bytes)
Event: 4.120 Thread 0x0000000018f7e800 nmethod 897 0x0000000002efb890 code [0x0000000002efba40, 0x0000000002efbfb8]
Event: 4.136 Thread 0x0000000018f7e800  898  s    3       java.io.BufferedOutputStream::write (35 bytes)
Event: 4.137 Thread 0x0000000018f7e800 nmethod 898 0x0000000002efb050 code [0x0000000002efb1e0, 0x0000000002efb6a8]
Event: 4.224 Thread 0x0000000018f7e800  899       3       org.jacoco.agent.rt.internal_6da5971.asm.MethodWriter::writeFrame (551 bytes)
Event: 4.227 Thread 0x0000000018f7e800 nmethod 899 0x0000000002ef8b10 code [0x0000000002ef8e60, 0x0000000002ef9d78]
Event: 4.713 Thread 0x0000000018e72800  900       4       org.jacoco.agent.rt.internal_6da5971.asm.ClassReader::readCode (3351 bytes)

GC Heap History (2 events):
Event: 2.207 GC heap before
{Heap before GC invocations=1 (full 0):
 PSYoungGen      total 38400K, used 33280K [0x00000000d5b80000, 0x00000000d8600000, 0x0000000100000000)
  eden space 33280K, 100% used [0x00000000d5b80000,0x00000000d7c00000,0x00000000d7c00000)
  from space 5120K, 0% used [0x00000000d8100000,0x00000000d8100000,0x00000000d8600000)
  to   space 5120K, 0% used [0x00000000d7c00000,0x00000000d7c00000,0x00000000d8100000)
 ParOldGen       total 87552K, used 0K [0x0000000081200000, 0x0000000086780000, 0x00000000d5b80000)
  object space 87552K, 0% used [0x0000000081200000,0x0000000081200000,0x0000000086780000)
 Metaspace       used 6988K, capacity 7148K, committed 7296K, reserved 1056768K
  class space    used 724K, capacity 787K, committed 896K, reserved 1048576K
Event: 2.246 GC heap after
Heap after GC invocations=1 (full 0):
 PSYoungGen      total 38400K, used 2519K [0x00000000d5b80000, 0x00000000da680000, 0x0000000100000000)
  eden space 33280K, 0% used [0x00000000d5b80000,0x00000000d5b80000,0x00000000d7c00000)
  from space 5120K, 49% used [0x00000000d7c00000,0x00000000d7e75c08,0x00000000d8100000)
  to   space 5120K, 0% used [0x00000000da180000,0x00000000da180000,0x00000000da680000)
 ParOldGen       total 87552K, used 8K [0x0000000081200000, 0x0000000086780000, 0x00000000d5b80000)
  object space 87552K, 0% used [0x0000000081200000,0x0000000081202000,0x0000000086780000)
 Metaspace       used 6988K, capacity 7148K, committed 7296K, reserved 1056768K
  class space    used 724K, capacity 787K, committed 896K, reserved 1048576K
}

Deoptimization events (10 events):
Event: 1.021 Thread 0x0000000002a12800 Uncommon trap: reason=unstable_if action=reinterpret pc=0x0000000002ca1df8 method=sun.misc.URLClassPath.getLoader(I)Lsun/misc/URLClassPath$Loader; @ 36
Event: 1.022 Thread 0x0000000002a12800 Uncommon trap: reason=unstable_if action=reinterpret pc=0x0000000002d05670 method=sun.misc.MetaIndex.mayContain(Ljava/lang/String;)Z @ 13
Event: 1.232 Thread 0x0000000002a12800 Uncommon trap: reason=unstable_if action=reinterpret pc=0x0000000002c8465c method=java.lang.String.replace(CC)Ljava/lang/String; @ 2
Event: 1.878 Thread 0x0000000002a12800 Uncommon trap: reason=unstable_if action=reinterpret pc=0x0000000002ce4ad4 method=org.jacoco.agent.rt.internal_6da5971.asm.ClassReader.readUTF(II[C)Ljava/lang/String; @ 77
Event: 1.878 Thread 0x0000000002a12800 Uncommon trap: reason=unstable_if action=reinterpret pc=0x0000000002d0913c method=org.jacoco.agent.rt.internal_6da5971.asm.ClassReader.readUTF(II[C)Ljava/lang/String; @ 77
Event: 2.013 Thread 0x0000000002a12800 Uncommon trap: reason=unstable_if action=reinterpret pc=0x0000000002cfee48 method=org.jacoco.agent.rt.internal_6da5971.asm.Item.isEqualTo(Lorg/jacoco/agent/rt/internal_6da5971/asm/Item;)Z @ 345
Event: 2.613 Thread 0x0000000002a12800 Uncommon trap: reason=class_check action=maybe_recompile pc=0x0000000002e9a8cc method=java.util.regex.Pattern$CharProperty.match(Ljava/util/regex/Matcher;ILjava/lang/CharSequence;)Z @ 18
Event: 2.614 Thread 0x0000000002a12800 Uncommon trap: reason=class_check action=maybe_recompile pc=0x0000000002e9a8cc method=java.util.regex.Pattern$CharProperty.match(Ljava/util/regex/Matcher;ILjava/lang/CharSequence;)Z @ 18
Event: 2.618 Thread 0x0000000002a12800 Uncommon trap: reason=class_check action=maybe_recompile pc=0x0000000002e9a8cc method=java.util.regex.Pattern$CharProperty.match(Ljava/util/regex/Matcher;ILjava/lang/CharSequence;)Z @ 18
Event: 2.618 Thread 0x0000000002a12800 Uncommon trap: reason=class_check action=maybe_recompile pc=0x0000000002e9a8cc method=java.util.regex.Pattern$CharProperty.match(Ljava/util/regex/Matcher;ILjava/lang/CharSequence;)Z @ 18

Internal exceptions (6 events):
Event: 0.080 Thread 0x0000000002a12800 Exception <a 'java/lang/NoSuchMethodError': Method sun.misc.Unsafe.defineClass(Ljava/lang/String;[BII)Ljava/lang/Class; name or signature does not match> (0x00000000d5b8dc60) thrown at [C:\re\workspace\8-2-build-windows-amd64-cygwin\jdk8u45\3627\hotspot\srõ(e‰)ç¥?
Event: 0.080 Thread 0x0000000002a12800 Exception <a 'java/lang/NoSuchMethodError': Method sun.misc.Unsafe.prefetchRead(Ljava/lang/Object;J)V name or signature does not match> (0x00000000d5b8def0) thrown at [C:\re\workspace\8-2-build-windows-amd64-cygwin\jdk8u45\3627\hotspot\src\share\vm\prims\jú-¿29^?
Event: 1.023 Thread 0x0000000002a12800 Exception <a 'java/security/PrivilegedActionException'> (0x00000000d69ea5c8) thrown at [C:\re\workspace\8-2-build-windows-amd64-cygwin\jdk8u45\3627\hotspot\src\share\vm\prims\jvm.cpp, line 1382]
Event: 1.023 Thread 0x0000000002a12800 Exception <a 'java/security/PrivilegedActionException'> (0x00000000d69ea780) thrown at [C:\re\workspace\8-2-build-windows-amd64-cygwin\jdk8u45\3627\hotspot\src\share\vm\prims\jvm.cpp, line 1382]
Event: 1.026 Thread 0x0000000002a12800 Exception <a 'java/security/PrivilegedActionException'> (0x00000000d69ee518) thrown at [C:\re\workspace\8-2-build-windows-amd64-cygwin\jdk8u45\3627\hotspot\src\share\vm\prims\jvm.cpp, line 1382]
Event: 1.026 Thread 0x0000000002a12800 Exception <a 'java/security/PrivilegedActionException'> (0x00000000d69ee6d0) thrown at [C:\re\workspace\8-2-build-windows-amd64-cygwin\jdk8u45\3627\hotspot\src\share\vm\prims\jvm.cpp, line 1382]

Events (10 events):
Event: 4.223 loading class org/apache/commons/io/IOCase
Event: 4.223 loading class org/apache/commons/io/IOCase done
Event: 4.228 loading class org/apache/commons/io/filefilter/DirectoryFileFilter
Event: 4.228 loading class org/apache/commons/io/filefilter/DirectoryFileFilter done
Event: 4.565 loading class org/apache/commons/io/filefilter/FileFilterUtils
Event: 4.565 loading class org/apache/commons/io/filefilter/FileFilterUtils done
Event: 4.712 Executing VM operation: EnableBiasedLocking
Event: 4.712 Executing VM operation: EnableBiasedLocking done
Event: 4.716 loading class org/apache/commons/io/filefilter/NameFileFilter
Event: 4.716 loading class org/apache/commons/io/filefilter/NameFileFilter done


Dynamic libraries:
0x00007ff6b2570000 - 0x00007ff6b25a7000 	C:\Program Files\Java\jdk1.8.0_45\jre\bin\java.exe
0x00007ffa1dc20000 - 0x00007ffa1de01000 	C:\WINDOWS\SYSTEM32\ntdll.dll
0x00007ffa1ba00000 - 0x00007ffa1bab1000 	C:\WINDOWS\System32\KERNEL32.DLL
0x00007ffa1a240000 - 0x00007ffa1a4b3000 	C:\WINDOWS\System32\KERNELBASE.dll
0x00007ffa1b500000 - 0x00007ffa1b5a1000 	C:\WINDOWS\System32\ADVAPI32.dll
0x00007ffa1c160000 - 0x00007ffa1c1fe000 	C:\WINDOWS\System32\msvcrt.dll
0x00007ffa1b2b0000 - 0x00007ffa1b30b000 	C:\WINDOWS\System32\sechost.dll
0x00007ffa1b0e0000 - 0x00007ffa1b204000 	C:\WINDOWS\System32\RPCRT4.dll
0x00007ffa1b370000 - 0x00007ffa1b500000 	C:\WINDOWS\System32\USER32.dll
0x00007ffa1a750000 - 0x00007ffa1a770000 	C:\WINDOWS\System32\win32u.dll
0x00007ffa1b0b0000 - 0x00007ffa1b0d8000 	C:\WINDOWS\System32\GDI32.dll
0x00007ffa1a0a0000 - 0x00007ffa1a231000 	C:\WINDOWS\System32\gdi32full.dll
0x00007ffa1a4c0000 - 0x00007ffa1a55f000 	C:\WINDOWS\System32\msvcp_win.dll
0x00007ffa1ae80000 - 0x00007ffa1af78000 	C:\WINDOWS\System32\ucrtbase.dll
0x00007ffa0faa0000 - 0x00007ffa0fd09000 	C:\WINDOWS\WinSxS\amd64_microsoft.windows.common-controls_6595b64144ccf1df_6.0.17134.829_none_fb46a5473061b9d5\COMCTL32.dll
0x00007ffa1c200000 - 0x00007ffa1c522000 	C:\WINDOWS\System32\combase.dll
0x00007ffa1af80000 - 0x00007ffa1affa000 	C:\WINDOWS\System32\bcryptPrimitives.dll
0x00007ffa1bac0000 - 0x00007ffa1baed000 	C:\WINDOWS\System32\IMM32.DLL
0x0000000058de0000 - 0x0000000058eb2000 	C:\Program Files\Java\jdk1.8.0_45\jre\bin\msvcr100.dll
0x0000000056560000 - 0x0000000056de3000 	C:\Program Files\Java\jdk1.8.0_45\jre\bin\server\jvm.dll
0x00007ffa1baf0000 - 0x00007ffa1baf8000 	C:\WINDOWS\System32\PSAPI.DLL
0x00007ffa187b0000 - 0x00007ffa187b9000 	C:\WINDOWS\SYSTEM32\WSOCK32.dll
0x00007ffa16120000 - 0x00007ffa16143000 	C:\WINDOWS\SYSTEM32\WINMM.dll
0x00007ffa13ab0000 - 0x00007ffa13aba000 	C:\WINDOWS\SYSTEM32\VERSION.dll
0x00007ffa1c690000 - 0x00007ffa1c6fc000 	C:\WINDOWS\System32\WS2_32.dll
0x00007ffa160f0000 - 0x00007ffa1611a000 	C:\WINDOWS\SYSTEM32\winmmbase.dll
0x00007ffa1b000000 - 0x00007ffa1b049000 	C:\WINDOWS\System32\cfgmgr32.dll
0x0000000058f60000 - 0x0000000058f6f000 	C:\Program Files\Java\jdk1.8.0_45\jre\bin\verify.dll
0x0000000058ee0000 - 0x0000000058f09000 	C:\Program Files\Java\jdk1.8.0_45\jre\bin\java.dll
0x0000000058db0000 - 0x0000000058dd3000 	C:\Program Files\Java\jdk1.8.0_45\jre\bin\instrument.dll
0x0000000058d90000 - 0x0000000058da6000 	C:\Program Files\Java\jdk1.8.0_45\jre\bin\zip.dll
0x00007ffa1c700000 - 0x00007ffa1db40000 	C:\WINDOWS\System32\SHELL32.dll
0x00007ffa1db40000 - 0x00007ffa1dbe9000 	C:\WINDOWS\System32\shcore.dll
0x00007ffa1a770000 - 0x00007ffa1ae7d000 	C:\WINDOWS\System32\windows.storage.dll
0x00007ffa1c030000 - 0x00007ffa1c081000 	C:\WINDOWS\System32\shlwapi.dll
0x00007ffa19f70000 - 0x00007ffa19f81000 	C:\WINDOWS\System32\kernel.appcore.dll
0x00007ffa19f50000 - 0x00007ffa19f6f000 	C:\WINDOWS\System32\profapi.dll
0x00007ffa19fa0000 - 0x00007ffa19fec000 	C:\WINDOWS\System32\powrprof.dll
0x00007ffa19f90000 - 0x00007ffa19f9a000 	C:\WINDOWS\System32\FLTLIB.DLL
0x0000000058a70000 - 0x0000000058a8a000 	C:\Program Files\Java\jdk1.8.0_45\jre\bin\net.dll
0x00007ffa19450000 - 0x00007ffa194b6000 	C:\WINDOWS\system32\mswsock.dll
0x00007ffa15400000 - 0x00007ffa15416000 	C:\WINDOWS\system32\napinsp.dll
0x00007ffa153e0000 - 0x00007ffa153fa000 	C:\WINDOWS\system32\pnrpnsp.dll
0x00007ffa16300000 - 0x00007ffa16319000 	C:\WINDOWS\system32\NLAapi.dll
0x00007ffa19220000 - 0x00007ffa192de000 	C:\WINDOWS\SYSTEM32\DNSAPI.dll
0x00007ffa1bd90000 - 0x00007ffa1bd98000 	C:\WINDOWS\System32\NSI.dll
0x00007ffa191e0000 - 0x00007ffa19218000 	C:\WINDOWS\SYSTEM32\IPHLPAPI.DLL
0x00007ffa153d0000 - 0x00007ffa153de000 	C:\WINDOWS\System32\winrnr.dll
0x00007ffa153b0000 - 0x00007ffa153c5000 	C:\WINDOWS\System32\wshbth.dll
0x00007ffa0e390000 - 0x00007ffa0e39a000 	C:\Windows\System32\rasadhlp.dll
0x00007ffa0f2a0000 - 0x00007ffa0f312000 	C:\WINDOWS\System32\fwpuclnt.dll
0x00007ffa19a50000 - 0x00007ffa19a75000 	C:\WINDOWS\SYSTEM32\bcrypt.dll
0x0000000058a50000 - 0x0000000058a61000 	C:\Program Files\Java\jdk1.8.0_45\jre\bin\nio.dll
0x00007ffa19a80000 - 0x00007ffa19c49000 	C:\WINDOWS\SYSTEM32\dbghelp.dll

VM Arguments:
jvm_args: -javaagent:C:\\Users\\RAVNEET SINGH BRAR\\.m2\\repository\\org\\jacoco\\org.jacoco.agent\\0.7.7.201606060606\\org.jacoco.agent-0.7.7.201606060606-runtime.jar=destfile=F:\\sd\\commons-io-commons-io-2.0.1\\target\\jacoco.exec 
java_command: C:\Users\RAVNEE~1\AppData\Local\Temp\surefirebooter623038106344666839.jar C:\Users\RAVNEE~1\AppData\Local\Temp\surefire2322191197238667824tmp C:\Users\RAVNEE~1\AppData\Local\Temp\surefire4799854251540612513tmp
java_class_path (initial): C:\Users\RAVNEE~1\AppData\Local\Temp\surefirebooter623038106344666839.jar;C:\\Users\\RAVNEET SINGH BRAR\\.m2\\repository\\org\\jacoco\\org.jacoco.agent\\0.7.7.201606060606\\org.jacoco.agent-0.7.7.201606060606-runtime.jar
Launcher Type: SUN_STANDARD

Environment Variables:
PATH=C:\Program Files (x86)\Common Files\Oracle\Java\javapath;E:\app\RAVNEET\product\11.2.0\dbhome_1\bin;C:\ProgramData\Oracle\Java\javapath;C:\Program Files (x86)\Intel\iCLS Client\;C:\Program Files\Intel\iCLS Client\;C:\Program Files (x86)\NVIDIA Corporation\PhysX\Common;C:\Windows\system32;C:\Windows;C:\Windows\System32\Wbem;C:\Windows\System32\WindowsPowerShell\v1.0\;C:\Program Files\Intel\Intel(R) Management Engine Components\DAL;C:\Program Files (x86)\Intel\Intel(R) Management Engine Components\DAL;C:\Program Files\Intel\Intel(R) Management Engine Components\IPT;C:\Program Files (x86)\Intel\Intel(R) Management Engine Components\IPT;C:\Program Files\Java\jdk1.8.0_45\bin;C:\Program Files\Java\jre1.8.0_45\bin;C:\Program Files\Microsoft SQL Server\Client SDK\ODBC\110\Tools\Binn\;C:\Program Files (x86)\Microsoft SQL Server\120\Tools\Binn\;C:\Program Files\Microsoft SQL Server\120\Tools\Binn\;C:\Program Files\Microsoft SQL Server\120\DTS\Binn\;C:\Program Files (x86)\Microsoft SQL Server\120\Tools\Binn\ManagementStudio\;C:\Program Files (x86)\Microsoft SQL Server\120\DTS\Binn\;C:\WINDOWS\system32;C:\WINDOWS;C:\WINDOWS\System32\Wbem;C:\WINDOWS\System32\WindowsPowerShell\v1.0\;C:\WINDOWS\System32\OpenSSH\;;C:\Program Files\NVIDIA Corporation\NVIDIA NvDLISR;C:\Users\RAVNEET SINGH BRAR\AppData\Local\Programs\Python\Python37-32\Scripts\;C:\Users\RAVNEET SINGH BRAR\AppData\Local\Programs\Python\Python37-32\;C:\Users\RAVNEET SINGH BRAR\AppData\Local\Microsoft\WindowsApps;C:\Users\RAVNEET SINGH BRAR\AppData\Local\atom\bin;C:\Program Files\JetBrains\PyCharm Community Edition 2019.1.2\bin;;C:\Program Files\JetBrains\IntelliJ IDEA Community Edition 2019.1.2\bin;
USERNAME=RAVNEET SINGH BRAR
OS=Windows_NT
PROCESSOR_IDENTIFIER=Intel64 Family 6 Model 61 Stepping 4, GenuineIntel



---------------  S Y S T E M  ---------------

OS: Windows 10.0 , 64 bit Build 17134 (10.0.17134.753)

CPU:total 4 (2 cores per cpu, 2 threads per core) family 6 model 61 stepping 4, cmov, cx8, fxsr, mmx, sse, sse2, sse3, ssse3, sse4.1, sse4.2, popcnt, avx, avx2, aes, clmul, erms, 3dnowpref, lzcnt, ht, tsc, tscinvbit, bmi1, bmi2, adx

Memory: 4k page, physical 8309008k(1507332k free), swap 11884796k(3752k free)

vm_info: Java HotSpot(TM) 64-Bit Server VM (25.45-b02) for windows-amd64 JRE (1.8.0_45-b15), built on Apr 30 2015 12:40:44 by "java_re" with MS VC++ 10.0 (VS2010)

time: Sat Jun 15 14:29:41 2019
elapsed time: 5 seconds (0d 0h 0m 5s)

