#
# There is insufficient memory for the Java Runtime Environment to continue.
# Native memory allocation (malloc) failed to allocate 1048576 bytes for AllocateHeap
# Possible reasons:
#   The system is out of physical RAM or swap space
#   In 32 bit mode, the process size limit was hit
# Possible solutions:
#   Reduce memory load on the system
#   Increase physical memory or swap space
#   Check if swap backing store is full
#   Use 64 bit Java on a 64 bit OS
#   Decrease Java heap size (-Xmx/-Xms)
#   Decrease number of Java threads
#   Decrease Java thread stack sizes (-Xss)
#   Set larger code cache with -XX:ReservedCodeCacheSize=
# This output file may be truncated or incomplete.
#
#  Out of Memory Error (memory/allocation.inline.hpp:61), pid=9908, tid=12464
#
# JRE version:  (8.0_45-b15) (build )
# Java VM: Java HotSpot(TM) 64-Bit Server VM (25.45-b02 mixed mode windows-amd64 compressed oops)
# Failed to write core dump. Minidumps are not enabled by default on client versions of Windows
#

---------------  T H R E A D  ---------------

Current thread (0x0000000003252800):  JavaThread "Unknown thread" [_thread_in_vm, id=12464, stack(0x0000000003050000,0x0000000003150000)]

Stack: [0x0000000003050000,0x0000000003150000]
Native frames: (J=compiled Java code, j=interpreted, Vv=VM code, C=native code)
V  [jvm.dll+0x32b57a]
V  [jvm.dll+0x279873]
V  [jvm.dll+0x27a509]
V  [jvm.dll+0x271825]
V  [jvm.dll+0x1606]
V  [jvm.dll+0x3f7fb2]
V  [jvm.dll+0x3f898f]
V  [jvm.dll+0x3f8a5d]
V  [jvm.dll+0x3f8c26]
V  [jvm.dll+0xf2cf2]
V  [jvm.dll+0x20f0c9]
V  [jvm.dll+0x240e0a]
V  [jvm.dll+0x15ba41]
C  [java.exe+0x216e]
C  [java.exe+0xcce7]
C  [java.exe+0xcd7b]
C  [KERNEL32.DLL+0x14034]
C  [ntdll.dll+0x73691]


---------------  P R O C E S S  ---------------

Java Threads: ( => current thread )

Other Threads:

=>0x0000000003252800 (exited) JavaThread "Unknown thread" [_thread_in_vm, id=12464, stack(0x0000000003050000,0x0000000003150000)]

VM state:not at safepoint (normal execution)

VM Mutex/Monitor currently owned by a thread: None

Heap:
 PSYoungGen      total 38400K, used 665K [0x00000000d5b80000, 0x00000000d8600000, 0x0000000100000000)
  eden space 33280K, 2% used [0x00000000d5b80000,0x00000000d5c26670,0x00000000d7c00000)
  from space 5120K, 0% used [0x00000000d8100000,0x00000000d8100000,0x00000000d8600000)
  to   space 5120K, 0% used [0x00000000d7c00000,0x00000000d7c00000,0x00000000d8100000)
 ParOldGen       total 87552K, used 0K [0x0000000081200000, 0x0000000086780000, 0x00000000d5b80000)
  object space 87552K, 0% used [0x0000000081200000,0x0000000081200000,0x0000000086780000)
 Metaspace       used 766K, capacity 4480K, committed 4480K, reserved 1056768K
  class space    used 75K, capacity 384K, committed 384K, reserved 1048576K

Card table byte_map: [0x0000000012710000,0x0000000012b10000] byte_map_base: 0x0000000012307000

Marking Bits: (ParMarkBitMap*) 0x0000000056d64040
 Begin Bits: [0x00000000131c0000, 0x0000000015178000)
 End Bits:   [0x0000000015178000, 0x0000000017130000)

Polling page: 0x00000000012b0000

CodeCache: size=245760Kb used=328Kb max_used=328Kb free=245431Kb
 bounds [0x0000000003350000, 0x00000000035c0000, 0x0000000012350000]
 total_blobs=57 nmethods=0 adapters=37
 compilation: enabled

Compilation events (0 events):
No events

GC Heap History (0 events):
No events

Deoptimization events (0 events):
No events

Internal exceptions (0 events):
No events

Events (10 events):
Event: 0.053 loading class java/lang/Short
Event: 0.053 loading class java/lang/Short done
Event: 0.053 loading class java/lang/Integer
Event: 0.053 loading class java/lang/Integer done
Event: 0.053 loading class java/lang/Long
Event: 0.054 loading class java/lang/Long done
Event: 0.054 loading class java/lang/NullPointerException
Event: 0.055 loading class java/lang/NullPointerException done
Event: 0.055 loading class java/lang/ArithmeticException
Event: 0.055 loading class java/lang/ArithmeticException done


Dynamic libraries:
0x00007ff6b2570000 - 0x00007ff6b25a7000 	C:\Program Files\Java\jdk1.8.0_45\jre\bin\java.exe
0x00007ffa1dc20000 - 0x00007ffa1de01000 	C:\WINDOWS\SYSTEM32\ntdll.dll
0x00007ffa1ba00000 - 0x00007ffa1bab1000 	C:\WINDOWS\System32\KERNEL32.DLL
0x00007ffa1a240000 - 0x00007ffa1a4b3000 	C:\WINDOWS\System32\KERNELBASE.dll
0x00007ffa1b500000 - 0x00007ffa1b5a1000 	C:\WINDOWS\System32\ADVAPI32.dll
0x00007ffa1c160000 - 0x00007ffa1c1fe000 	C:\WINDOWS\System32\msvcrt.dll
0x00007ffa1b2b0000 - 0x00007ffa1b30b000 	C:\WINDOWS\System32\sechost.dll
0x00007ffa1b0e0000 - 0x00007ffa1b204000 	C:\WINDOWS\System32\RPCRT4.dll
0x00007ffa1b370000 - 0x00007ffa1b500000 	C:\WINDOWS\System32\USER32.dll
0x00007ffa1a750000 - 0x00007ffa1a770000 	C:\WINDOWS\System32\win32u.dll
0x00007ffa1b0b0000 - 0x00007ffa1b0d8000 	C:\WINDOWS\System32\GDI32.dll
0x00007ffa1a0a0000 - 0x00007ffa1a231000 	C:\WINDOWS\System32\gdi32full.dll
0x00007ffa1a4c0000 - 0x00007ffa1a55f000 	C:\WINDOWS\System32\msvcp_win.dll
0x00007ffa1ae80000 - 0x00007ffa1af78000 	C:\WINDOWS\System32\ucrtbase.dll
0x00007ffa0faa0000 - 0x00007ffa0fd09000 	C:\WINDOWS\WinSxS\amd64_microsoft.windows.common-controls_6595b64144ccf1df_6.0.17134.829_none_fb46a5473061b9d5\COMCTL32.dll
0x00007ffa1c200000 - 0x00007ffa1c522000 	C:\WINDOWS\System32\combase.dll
0x00007ffa1af80000 - 0x00007ffa1affa000 	C:\WINDOWS\System32\bcryptPrimitives.dll
0x00007ffa1bac0000 - 0x00007ffa1baed000 	C:\WINDOWS\System32\IMM32.DLL
0x0000000058de0000 - 0x0000000058eb2000 	C:\Program Files\Java\jdk1.8.0_45\jre\bin\msvcr100.dll
0x0000000056560000 - 0x0000000056de3000 	C:\Program Files\Java\jdk1.8.0_45\jre\bin\server\jvm.dll
0x00007ffa1baf0000 - 0x00007ffa1baf8000 	C:\WINDOWS\System32\PSAPI.DLL
0x00007ffa187b0000 - 0x00007ffa187b9000 	C:\WINDOWS\SYSTEM32\WSOCK32.dll
0x00007ffa16120000 - 0x00007ffa16143000 	C:\WINDOWS\SYSTEM32\WINMM.dll
0x00007ffa1c690000 - 0x00007ffa1c6fc000 	C:\WINDOWS\System32\WS2_32.dll
0x00007ffa13ab0000 - 0x00007ffa13aba000 	C:\WINDOWS\SYSTEM32\VERSION.dll
0x00007ffa160f0000 - 0x00007ffa1611a000 	C:\WINDOWS\SYSTEM32\WINMMBASE.dll
0x00007ffa1b000000 - 0x00007ffa1b049000 	C:\WINDOWS\System32\cfgmgr32.dll
0x0000000058f60000 - 0x0000000058f6f000 	C:\Program Files\Java\jdk1.8.0_45\jre\bin\verify.dll
0x0000000058ee0000 - 0x0000000058f09000 	C:\Program Files\Java\jdk1.8.0_45\jre\bin\java.dll
0x0000000058db0000 - 0x0000000058dd3000 	C:\Program Files\Java\jdk1.8.0_45\jre\bin\instrument.dll
0x0000000058d90000 - 0x0000000058da6000 	C:\Program Files\Java\jdk1.8.0_45\jre\bin\zip.dll
0x00007ffa19a80000 - 0x00007ffa19c49000 	C:\WINDOWS\SYSTEM32\dbghelp.dll

VM Arguments:
jvm_args: -javaagent:C:\\Users\\RAVNEET SINGH BRAR\\.m2\\repository\\org\\jacoco\\org.jacoco.agent\\0.7.7.201606060606\\org.jacoco.agent-0.7.7.201606060606-runtime.jar=destfile=F:\\sd\\commons-io-commons-io-2.0.1\\target\\jacoco.exec 
java_command: C:\Users\RAVNEE~1\AppData\Local\Temp\surefirebooter7436311710871209916.jar C:\Users\RAVNEE~1\AppData\Local\Temp\surefire5555760655076427111tmp C:\Users\RAVNEE~1\AppData\Local\Temp\surefire3232072661755059319tmp
java_class_path (initial): C:\Users\RAVNEE~1\AppData\Local\Temp\surefirebooter7436311710871209916.jar;C:\\Users\\RAVNEET SINGH BRAR\\.m2\\repository\\org\\jacoco\\org.jacoco.agent\\0.7.7.201606060606\\org.jacoco.agent-0.7.7.201606060606-runtime.jar
Launcher Type: SUN_STANDARD

Environment Variables:
PATH=C:\Program Files (x86)\Common Files\Oracle\Java\javapath;E:\app\RAVNEET\product\11.2.0\dbhome_1\bin;C:\ProgramData\Oracle\Java\javapath;C:\Program Files (x86)\Intel\iCLS Client\;C:\Program Files\Intel\iCLS Client\;C:\Program Files (x86)\NVIDIA Corporation\PhysX\Common;C:\Windows\system32;C:\Windows;C:\Windows\System32\Wbem;C:\Windows\System32\WindowsPowerShell\v1.0\;C:\Program Files\Intel\Intel(R) Management Engine Components\DAL;C:\Program Files (x86)\Intel\Intel(R) Management Engine Components\DAL;C:\Program Files\Intel\Intel(R) Management Engine Components\IPT;C:\Program Files (x86)\Intel\Intel(R) Management Engine Components\IPT;C:\Program Files\Java\jdk1.8.0_45\bin;C:\Program Files\Java\jre1.8.0_45\bin;C:\Program Files\Microsoft SQL Server\Client SDK\ODBC\110\Tools\Binn\;C:\Program Files (x86)\Microsoft SQL Server\120\Tools\Binn\;C:\Program Files\Microsoft SQL Server\120\Tools\Binn\;C:\Program Files\Microsoft SQL Server\120\DTS\Binn\;C:\Program Files (x86)\Microsoft SQL Server\120\Tools\Binn\ManagementStudio\;C:\Program Files (x86)\Microsoft SQL Server\120\DTS\Binn\;C:\WINDOWS\system32;C:\WINDOWS;C:\WINDOWS\System32\Wbem;C:\WINDOWS\System32\WindowsPowerShell\v1.0\;C:\WINDOWS\System32\OpenSSH\;;C:\Program Files\NVIDIA Corporation\NVIDIA NvDLISR;C:\Users\RAVNEET SINGH BRAR\AppData\Local\Programs\Python\Python37-32\Scripts\;C:\Users\RAVNEET SINGH BRAR\AppData\Local\Programs\Python\Python37-32\;C:\Users\RAVNEET SINGH BRAR\AppData\Local\Microsoft\WindowsApps;C:\Users\RAVNEET SINGH BRAR\AppData\Local\atom\bin;C:\Program Files\JetBrains\PyCharm Community Edition 2019.1.2\bin;;C:\Program Files\JetBrains\IntelliJ IDEA Community Edition 2019.1.2\bin;
USERNAME=RAVNEET SINGH BRAR
OS=Windows_NT
PROCESSOR_IDENTIFIER=Intel64 Family 6 Model 61 Stepping 4, GenuineIntel



---------------  S Y S T E M  ---------------

OS: Windows 10.0 , 64 bit Build 17134 (10.0.17134.753)

CPU:total 4 (2 cores per cpu, 2 threads per core) family 6 model 61 stepping 4, cmov, cx8, fxsr, mmx, sse, sse2, sse3, ssse3, sse4.1, sse4.2, popcnt, avx, avx2, aes, clmul, erms, 3dnowpref, lzcnt, ht, tsc, tscinvbit, bmi1, bmi2, adx

Memory: 4k page, physical 8309008k(1454948k free), swap 11884796k(4392k free)

vm_info: Java HotSpot(TM) 64-Bit Server VM (25.45-b02) for windows-amd64 JRE (1.8.0_45-b15), built on Apr 30 2015 12:40:44 by "java_re" with MS VC++ 10.0 (VS2010)

time: Sat Jun 15 14:29:50 2019
elapsed time: 0 seconds (0d 0h 0m 0s)

